program hanged (timeout 10 seconds)

SIGABRT: abort
PC=0x455ca1 m=0

goroutine 0 [idle]:
runtime.futex(0x9479c8, 0x0, 0x0, 0x0, 0x0, 0x947380, 0x0, 0x0, 0x40cffa, 0x9479c8, ...)
	/tmp/go-fuzz-build090950180/src/runtime/sys_linux_amd64.s:282 +0x21
runtime.futexsleep(0x9479c8, 0x0, 0xffffffffffffffff)
	/tmp/go-fuzz-build090950180/src/runtime/os1_linux.go:39 +0x53
runtime.notesleep(0x9479c8)
	/tmp/go-fuzz-build090950180/src/runtime/lock_futex.go:142 +0xaa
runtime.stopm()
	/tmp/go-fuzz-build090950180/src/runtime/proc1.go:1122 +0x124
runtime.findrunnable(0xc820022000, 0x0)
	/tmp/go-fuzz-build090950180/src/runtime/proc1.go:1508 +0x6bf
runtime.schedule()
	/tmp/go-fuzz-build090950180/src/runtime/proc1.go:1617 +0x282
runtime.exitsyscall0(0xc820060300)
	/tmp/go-fuzz-build090950180/src/runtime/proc1.go:2114 +0x180
runtime.mcall(0x7ffc7f2adcc0)
	/tmp/go-fuzz-build090950180/src/runtime/asm_amd64.s:204 +0x5e

goroutine 1 [runnable]:
math/big.karatsuba(0xc8229d93e0, 0x328984, 0x328988, 0xc8229d9180, 0x26, 0x3289d4, 0xc8229d92b0, 0x26, 0x3289ae)
	/tmp/go-fuzz-build090950180/src/math/big/nat.go:371
math/big.karatsuba(0xc8229d8cc0, 0x328a68, 0x328a6c, 0xc82236d660, 0x4c, 0x6604c, 0xc82236d660, 0x4c, 0x6604c)
	/tmp/go-fuzz-build090950180/src/math/big/nat.go:419 +0x733
math/big.karatsuba(0xc8229d8800, 0x328b00, 0x328b04, 0xc82236d400, 0x98, 0x66098, 0xc82236d400, 0x98, 0x66098)
	/tmp/go-fuzz-build090950180/src/math/big/nat.go:395 +0x314
math/big.karatsuba(0xc8229d8800, 0x328b00, 0x328b04, 0xc82236d400, 0x130, 0x66098, 0xc82236d400, 0x130, 0x66098)
	/tmp/go-fuzz-build090950180/src/math/big/nat.go:394 +0x265
math/big.karatsuba(0xc8229d8800, 0x328b00, 0x328b04, 0xc82236d400, 0x260, 0x66098, 0xc82236d400, 0x260, 0x66098)
	/tmp/go-fuzz-build090950180/src/math/big/nat.go:394 +0x265
math/big.karatsuba(0xc8229d8800, 0x328b00, 0x328b04, 0xc82236d400, 0x4c0, 0x66098, 0xc82236d400, 0x4c0, 0x66098)
	/tmp/go-fuzz-build090950180/src/math/big/nat.go:394 +0x265
math/big.karatsuba(0xc8229d8800, 0x328b00, 0x328b04, 0xc82236d400, 0x980, 0x66098, 0xc82236d400, 0x980, 0x66098)
	/tmp/go-fuzz-build090950180/src/math/big/nat.go:394 +0x265
math/big.karatsuba(0xc8229cf000, 0x329e00, 0x329e04, 0xc822368800, 0x1300, 0x66a18, 0xc822368800, 0x1300, 0x66a18)
	/tmp/go-fuzz-build090950180/src/math/big/nat.go:395 +0x314
math/big.karatsuba(0xc8229bc000, 0x32c400, 0x32c404, 0xc82235f000, 0x2600, 0x67d18, 0xc82235f000, 0x2600, 0x67d18)
	/tmp/go-fuzz-build090950180/src/math/big/nat.go:395 +0x314
math/big.karatsuba(0xc822996000, 0x331000, 0x331004, 0xc82234c000, 0x4c00, 0x6a318, 0xc82234c000, 0x4c00, 0x6a318)
	/tmp/go-fuzz-build090950180/src/math/big/nat.go:395 +0x314
math/big.karatsuba(0xc822996000, 0x331000, 0x331004, 0xc82234c000, 0x9800, 0x6a318, 0xc82234c000, 0x9800, 0x6a318)
	/tmp/go-fuzz-build090950180/src/math/big/nat.go:394 +0x265
math/big.karatsuba(0xc8228fe000, 0x344000, 0x344004, 0xc822300000, 0x13000, 0x73b18, 0xc822300000, 0x13000, 0x73b18)
	/tmp/go-fuzz-build090950180/src/math/big/nat.go:395 +0x314
math/big.karatsuba(0xc8228fe000, 0x344000, 0x344004, 0xc822300000, 0x26000, 0x73b18, 0xc822300000, 0x26000, 0x73b18)
	/tmp/go-fuzz-build090950180/src/math/big/nat.go:394 +0x265
math/big.karatsuba(0xc82269e000, 0x390000, 0x390004, 0xc8221d0000, 0x4c000, 0x99b18, 0xc8221d0000, 0x4c000, 0x99b18)
	/tmp/go-fuzz-build090950180/src/math/big/nat.go:395 +0x314
math/big.karatsuba(0xc82269e000, 0x390000, 0x390004, 0xc8221d0000, 0x98000, 0x99b18, 0xc8221d0000, 0x98000, 0x99b18)
	/tmp/go-fuzz-build090950180/src/math/big/nat.go:394 +0x265
math/big.nat.mul(0xc82269e000, 0x390000, 0x390004, 0xc8221d0000, 0x99b13, 0x99b18, 0xc8221d0000, 0x99b13, 0x99b18, 0x0, ...)
	/tmp/go-fuzz-build090950180/src/math/big/nat.go:548 +0x7a0
math/big.nat.expNN(0xc8221d0000, 0x99b13, 0x99b18, 0x930170, 0x1, 0x1, 0xc8201980f0, 0x1, 0x5, 0x0, ...)
	/tmp/go-fuzz-build090950180/src/math/big/nat.go:1252 +0xbdc
math/big.(*Rat).SetString(0xc82019a100, 0xc8200ef9c0, 0x15, 0x0, 0x0)
	/tmp/go-fuzz-build090950180/src/math/big/ratconv.go:155 +0xee1
golang.org/x/tools/go/exact.MakeFromLiteral(0xc8200ef9c0, 0x15, 0x6, 0x0, 0x0)
	/tmp/go-fuzz-build090950180/src/golang.org/x/tools/go/exact/exact.go:196 +0x416
golang.org/x/tools/go/types.(*operand).setConst(0xc82019a080, 0x6, 0xc8200ef9c0, 0x15)
	/tmp/go-fuzz-build090950180/src/golang.org/x/tools/go/types/operand.go:210 +0x6c
golang.org/x/tools/go/types.(*Checker).exprInternal(0xc82018e410, 0xc82019a080, 0x7efc370de890, 0xc8200ef9e0, 0x0, 0x0, 0x1)
	/tmp/go-fuzz-build090950180/src/golang.org/x/tools/go/types/expr.go:1446 +0x677c
golang.org/x/tools/go/types.(*Checker).rawExpr(0xc82018e410, 0xc82019a080, 0x7efc370de890, 0xc8200ef9e0, 0x0, 0x0, 0x0)
	/tmp/go-fuzz-build090950180/src/golang.org/x/tools/go/types/expr.go:1380 +0x116
golang.org/x/tools/go/types.(*Checker).expr(0xc82018e410, 0xc82019a080, 0x7efc370de890, 0xc8200ef9e0)
	/tmp/go-fuzz-build090950180/src/golang.org/x/tools/go/types/expr.go:2206 +0x82
golang.org/x/tools/go/types.(*Checker).binary(0xc82018e410, 0xc82019a040, 0x7efc370de8c8, 0xc8201b1f80, 0x7efc370de890, 0xc8200ef9e0, 0xe)
	/tmp/go-fuzz-build090950180/src/golang.org/x/tools/go/types/expr.go:1051 +0xd9
golang.org/x/tools/go/types.(*Checker).exprInternal(0xc82018e410, 0xc82019a040, 0x7efc370de8c8, 0xc8201b1fb0, 0x0, 0x0, 0x7e)
	/tmp/go-fuzz-build090950180/src/golang.org/x/tools/go/types/expr.go:2142 +0x49f5
golang.org/x/tools/go/types.(*Checker).rawExpr(0xc82018e410, 0xc82019a040, 0x7efc370de8c8, 0xc8201b1fb0, 0x0, 0x0, 0x0)
	/tmp/go-fuzz-build090950180/src/golang.org/x/tools/go/types/expr.go:1380 +0x116
golang.org/x/tools/go/types.(*Checker).expr(0xc82018e410, 0xc82019a040, 0x7efc370de8c8, 0xc8201b1fb0)
	/tmp/go-fuzz-build090950180/src/golang.org/x/tools/go/types/expr.go:2206 +0x82
golang.org/x/tools/go/types.(*Checker).varDecl(0xc82018e410, 0xc820309770, 0xc8202bda48, 0x1, 0x1, 0x0, 0x0, 0x7efc370de8c8, 0xc8201b1fb0)
	/tmp/go-fuzz-build090950180/src/golang.org/x/tools/go/types/decl.go:221 +0x7a2
golang.org/x/tools/go/types.(*Checker).objDecl(0xc82018e410, 0x7efc370de9a0, 0xc820309770, 0x0, 0xc8200c9bd8, 0x0, 0x8)
	/tmp/go-fuzz-build090950180/src/golang.org/x/tools/go/types/decl.go:105 +0x659
golang.org/x/tools/go/types.(*Checker).packageObjects(0xc82018e410, 0xc820190910, 0x1, 0x1)
	/tmp/go-fuzz-build090950180/src/golang.org/x/tools/go/types/resolver.go:569 +0x35d
golang.org/x/tools/go/types.(*Checker).Files(0xc82018e410, 0xc8200c9d80, 0x1, 0x1, 0x0, 0x0)
	/tmp/go-fuzz-build090950180/src/golang.org/x/tools/go/types/check.go:284 +0x12f
golang.org/x/tools/go/types.(*Config).Check(0xc8201b9f80, 0x7bcf90, 0x3, 0xc8201b9f00, 0xc8200c9d80, 0x1, 0x1, 0x0, 0x7efc36eda000, 0x0, ...)
	/tmp/go-fuzz-build090950180/src/golang.org/x/tools/go/types/api.go:391 +0xdd
golang.org/x/tools/go/types.Check(0x7bcf90, 0x3, 0xc8201b9f00, 0xc8200c9d80, 0x1, 0x1, 0xc820183c80, 0x0, 0x0)
	/tmp/go-fuzz-build090950180/src/golang.org/x/tools/go/types/api.go:45 +0xc5
github.com/dvyukov/go-fuzz/examples/gotypes.gotypes(0x7efc36eda000, 0x29, 0x200000, 0x0, 0x0)
	/tmp/go-fuzz-build090950180/src/github.com/dvyukov/go-fuzz/examples/gotypes/main.go:52 +0x2b0
github.com/dvyukov/go-fuzz/examples/gotypes.Fuzz(0x7efc36eda000, 0x29, 0x200000, 0x3)
	/tmp/go-fuzz-build090950180/src/github.com/dvyukov/go-fuzz/examples/gotypes/main.go:20 +0x7d
github.com/dvyukov/go-fuzz/go-fuzz-dep.Main(0x8350a0)
	/home/dvyukov/src/gopath/src/github.com/dvyukov/go-fuzz/go-fuzz-dep/main.go:44 +0x14c
main.main()
	/tmp/go-fuzz-build090950180/src/go-fuzz-main/main.go:10 +0x23

rax    0xca
rbx    0x0
rcx    0xffffffffffffffff
rdx    0x0
rdi    0x9479c8
rsi    0x0
rbp    0x1
rsp    0x7ffc7f2adb18
r8     0x0
r9     0x0
r10    0x0
r11    0x286
r12    0x1be1eb68
r13    0xecd191e99
r14    0xecd191e99
r15    0x947140
rip    0x455ca1
rflags 0x286
cs     0x33
fs     0x0
gs     0x0
exit status 2