panic: 801/10 not an Int [recovered]
	panic: 801/10 not an Int

goroutine 1 [running]:
golang.org/x/tools/go/types.(*Checker).handleBailout(0xc820104270, 0xc8200dbcb0)
	/tmp/go-fuzz-build090950180/src/golang.org/x/tools/go/types/check.go:271 +0x16d
golang.org/x/tools/go/exact.Uint64Val(0x7fa54434c468, 0xc8200fd4c0, 0x7fa544310290, 0x940520)
	/tmp/go-fuzz-build090950180/src/golang.org/x/tools/go/exact/exact.go:322 +0x5ad
golang.org/x/tools/go/types.(*Checker).shift(0xc820104270, 0xc8200fd440, 0xc8200fd480, 0x15)
	/tmp/go-fuzz-build090950180/src/golang.org/x/tools/go/types/expr.go:954 +0x413
golang.org/x/tools/go/types.(*Checker).binary(0xc820104270, 0xc8200fd440, 0x7fa54434c028, 0xc8200ff6a0, 0x7fa54434c028, 0xc8200ff6c0, 0x15)
	/tmp/go-fuzz-build090950180/src/golang.org/x/tools/go/types/expr.go:1072 +0x2c4
golang.org/x/tools/go/types.(*Checker).exprInternal(0xc820104270, 0xc8200fd440, 0x7fa54434c060, 0xc8200f13b0, 0x0, 0x0, 0x7e)
	/tmp/go-fuzz-build090950180/src/golang.org/x/tools/go/types/expr.go:2142 +0x49f5
golang.org/x/tools/go/types.(*Checker).rawExpr(0xc820104270, 0xc8200fd440, 0x7fa54434c060, 0xc8200f13b0, 0x0, 0x0, 0x0)
	/tmp/go-fuzz-build090950180/src/golang.org/x/tools/go/types/expr.go:1380 +0x116
golang.org/x/tools/go/types.(*Checker).expr(0xc820104270, 0xc8200fd440, 0x7fa54434c060, 0xc8200f13b0)
	/tmp/go-fuzz-build090950180/src/golang.org/x/tools/go/types/expr.go:2206 +0x82
golang.org/x/tools/go/types.(*Checker).varDecl(0xc820104270, 0xc820091720, 0xc8200326c0, 0x1, 0x1, 0x0, 0x0, 0x7fa54434c060, 0xc8200f13b0)
	/tmp/go-fuzz-build090950180/src/golang.org/x/tools/go/types/decl.go:221 +0x7a2
golang.org/x/tools/go/types.(*Checker).objDecl(0xc820104270, 0x7fa54434c170, 0xc820091720, 0x0, 0xc8200dbbd8, 0x0, 0x8)
	/tmp/go-fuzz-build090950180/src/golang.org/x/tools/go/types/decl.go:105 +0x659
golang.org/x/tools/go/types.(*Checker).packageObjects(0xc820104270, 0xc820106140, 0x1, 0x1)
	/tmp/go-fuzz-build090950180/src/golang.org/x/tools/go/types/resolver.go:569 +0x35d
golang.org/x/tools/go/types.(*Checker).Files(0xc820104270, 0xc8200dbd80, 0x1, 0x1, 0x0, 0x0)
	/tmp/go-fuzz-build090950180/src/golang.org/x/tools/go/types/check.go:284 +0x12f
golang.org/x/tools/go/types.(*Config).Check(0xc8200fd380, 0x7bcf90, 0x3, 0xc8200fd300, 0xc8200dbd80, 0x1, 0x1, 0x0, 0x7fa54410c000, 0x0, ...)
	/tmp/go-fuzz-build090950180/src/golang.org/x/tools/go/types/api.go:391 +0xdd
golang.org/x/tools/go/types.Check(0x7bcf90, 0x3, 0xc8200fd300, 0xc8200dbd80, 0x1, 0x1, 0xc8200c0d80, 0x0, 0x0)
	/tmp/go-fuzz-build090950180/src/golang.org/x/tools/go/types/api.go:45 +0xc5
github.com/dvyukov/go-fuzz/examples/gotypes.gotypes(0x7fa54410c000, 0x18, 0x200000, 0x0, 0x0)
	/tmp/go-fuzz-build090950180/src/github.com/dvyukov/go-fuzz/examples/gotypes/main.go:52 +0x2b0
github.com/dvyukov/go-fuzz/examples/gotypes.Fuzz(0x7fa54410c000, 0x18, 0x200000, 0x3)
	/tmp/go-fuzz-build090950180/src/github.com/dvyukov/go-fuzz/examples/gotypes/main.go:20 +0x7d
github.com/dvyukov/go-fuzz/go-fuzz-dep.Main(0x8350a0)
	/home/dvyukov/src/gopath/src/github.com/dvyukov/go-fuzz/go-fuzz-dep/main.go:44 +0x14c
main.main()
	/tmp/go-fuzz-build090950180/src/go-fuzz-main/main.go:10 +0x23
exit status 2